<?xml version="1.0" encoding="UTF-8"?>
<!-- Generated by org.testng.reporters.JUnitXMLReporter -->
<testsuite ignored="2" hostname="Chamanthi" failures="0" tests="1" name="Default test" time="116.848" errors="0" timestamp="2025-11-30T19:22:32 IST">
  <testcase classname="com.Tests.TestPIMPage" name="addMultipleEmployeesUsingExcel" time="102.651"/>
  <testcase classname="com.Tests.TestPIMPage" name="addEmployeeThenVerify" time="0.0">
    <ignored/>
  </testcase> <!-- addEmployeeThenVerify -->
  <testcase classname="com.Tests.TestPIMPage" name="searchEmployee" time="0.0">
    <ignored/>
  </testcase> <!-- searchEmployee -->
</testsuite> <!-- Default test -->
