<?xml version="1.0" encoding="UTF-8"?>
<!-- Generated by org.testng.reporters.JUnitXMLReporter -->
<testsuite ignored="0" hostname="Chamanthi" failures="2" tests="2" name="Smoke Testing" time="5.112" errors="0" timestamp="2025-11-29T14:26:45 IST">
  <testcase classname="com.Tests.TestLoginPage" name="verifyLoginPage" time="0.011">
    <failure type="java.lang.AssertionError" message="Cannot invoke &amp;quot;org.openqa.selenium.WebDriver.findElement(org.openqa.selenium.By)&amp;quot; because &amp;quot;com.Util.CommonUtils.driver&amp;quot; is null">
      <![CDATA[java.lang.AssertionError: Cannot invoke "org.openqa.selenium.WebDriver.findElement(org.openqa.selenium.By)" because "com.Util.CommonUtils.driver" is null
at com.Util.TestNGUtility.assertFail(TestNGUtility.java:22)
at com.Util.CommonUtils.findElement(CommonUtils.java:76)
at com.Util.CommonUtils.enterValue(CommonUtils.java:96)
at com.Pages.LoginPage.login(LoginPage.java:24)
at com.Tests.TestLoginPage.verifyLoginPage(TestLoginPage.java:17)
at java.base/java.util.ArrayList.forEach(ArrayList.java:1596)
... Removed 26 stack frames]]>
    </failure>
  </testcase> <!-- verifyLoginPage -->
  <testcase classname="com.Tests.TestLoginPage" name="multipleLogin" time="0.002">
    <failure type="java.lang.Error" message="Unresolved compilation problem: 
	Unhandled exception type IOException
">
      <![CDATA[java.lang.Error: Unresolved compilation problem: 
Unhandled exception type IOException

at com.Tests.TestLoginPage.multipleLogin(TestLoginPage.java:28)
at java.base/java.util.ArrayList.forEach(ArrayList.java:1596)
... Removed 25 stack frames]]>
    </failure>
  </testcase> <!-- multipleLogin -->
</testsuite> <!-- Smoke Testing -->
