<?xml version="1.0" encoding="UTF-8"?>
<testng-results ignored="0" total="1" passed="1" failed="0" skipped="0">
  <reporter-output>
  </reporter-output>
  <suite started-at="2025-11-30T19:20:35 IST" name="Default suite" finished-at="2025-11-30T19:22:32 IST" duration-ms="116848">
    <groups>
    </groups>
    <test started-at="2025-11-30T19:20:35 IST" name="Default test" finished-at="2025-11-30T19:22:32 IST" duration-ms="116848">
      <class name="com.Tests.TestPIMPage">
        <test-method is-config="true" signature="setup()[pri:0, instance:com.Tests.TestPIMPage@54d9d12d]" started-at="2025-11-30T19:20:35 IST" name="setup" finished-at="2025-11-30T19:20:49 IST" duration-ms="14087" status="PASS">
          <reporter-output>
          </reporter-output>
        </test-method> <!-- setup -->
        <test-method signature="addMultipleEmployeesUsingExcel()[pri:2, instance:com.Tests.TestPIMPage@54d9d12d]" started-at="2025-11-30T19:20:49 IST" name="addMultipleEmployeesUsingExcel" description="Add multiple employees using excel and verify" finished-at="2025-11-30T19:22:32 IST" duration-ms="102651" status="PASS">
          <reporter-output>
          </reporter-output>
        </test-method> <!-- addMultipleEmployeesUsingExcel -->
        <test-method is-config="true" signature="close()[pri:0, instance:com.Tests.TestPIMPage@54d9d12d]" started-at="2025-11-30T19:22:32 IST" name="close" finished-at="2025-11-30T19:22:32 IST" duration-ms="3" status="PASS">
          <reporter-output>
          </reporter-output>
        </test-method> <!-- close -->
      </class> <!-- com.Tests.TestPIMPage -->
    </test> <!-- Default test -->
  </suite> <!-- Default suite -->
</testng-results>
