<?xml version="1.0" encoding="UTF-8"?>
<!-- Generated by org.testng.reporters.JUnitReportReporter -->
<testsuite hostname="Chamanthi" failures="0" tests="3" name="com.Tests.TestPIMPage" time="102.651" errors="0" timestamp="2025-11-30T19:22:33 IST" skipped="2">
  <testcase classname="com.Tests.TestPIMPage" name="addMultipleEmployeesUsingExcel" time="102.651"/>
  <testcase classname="com.Tests.TestPIMPage" name="addEmployeeThenVerify">
    <skipped/>
  </testcase> <!-- addEmployeeThenVerify -->
  <testcase classname="com.Tests.TestPIMPage" name="searchEmployee">
    <skipped/>
  </testcase> <!-- searchEmployee -->
</testsuite> <!-- com.Tests.TestPIMPage -->
