<?xml version="1.0" encoding="UTF-8"?>
<!-- Generated by org.testng.reporters.JUnitReportReporter -->
<testsuite hostname="Chamanthi" failures="0" tests="2" name="com.Tests.TestLoginPage" time="26.953" errors="0" timestamp="2025-11-29T20:39:01 IST" skipped="1">
  <testcase classname="com.Tests.TestLoginPage" name="multipleLogin" time="26.953"/>
  <testcase classname="com.Tests.TestLoginPage" name="verifyLoginPage">
    <skipped/>
  </testcase> <!-- verifyLoginPage -->
</testsuite> <!-- com.Tests.TestLoginPage -->
